Determining if the pthread_create exist failed with the following output:
Change Dir: /home/dmitry/catkin_ws/build/CMakeFiles/CMakeTmp

Run Build Command:"/usr/bin/make" "cmTC_7a971/fast"
/usr/bin/make -f CMakeFiles/cmTC_7a971.dir/build.make CMakeFiles/cmTC_7a971.dir/build
make[1]: вход в каталог «/home/dmitry/catkin_ws/build/CMakeFiles/CMakeTmp»
Building C object CMakeFiles/cmTC_7a971.dir/CheckSymbolExists.c.o
/usr/bin/cc     -o CMakeFiles/cmTC_7a971.dir/CheckSymbolExists.c.o   -c /home/dmitry/catkin_ws/build/CMakeFiles/CMakeTmp/CheckSymbolExists.c
Linking C executable cmTC_7a971
/usr/bin/cmake -E cmake_link_script CMakeFiles/cmTC_7a971.dir/link.txt --verbose=1
/usr/bin/cc       CMakeFiles/cmTC_7a971.dir/CheckSymbolExists.c.o  -o cmTC_7a971 -rdynamic 
CMakeFiles/cmTC_7a971.dir/CheckSymbolExists.c.o: In function `main':
CheckSymbolExists.c:(.text+0x16): undefined reference to `pthread_create'
collect2: error: ld returned 1 exit status
CMakeFiles/cmTC_7a971.dir/build.make:97: ошибка выполнения рецепта для цели «cmTC_7a971»
make[1]: *** [cmTC_7a971] Ошибка 1
make[1]: выход из каталога «/home/dmitry/catkin_ws/build/CMakeFiles/CMakeTmp»
Makefile:126: ошибка выполнения рецепта для цели «cmTC_7a971/fast»
make: *** [cmTC_7a971/fast] Ошибка 2

File /home/dmitry/catkin_ws/build/CMakeFiles/CMakeTmp/CheckSymbolExists.c:
/* */
#include <pthread.h>

int main(int argc, char** argv)
{
  (void)argv;
#ifndef pthread_create
  return ((int*)(&pthread_create))[argc];
#else
  (void)argc;
  return 0;
#endif
}

Determining if the function pthread_create exists in the pthreads failed with the following output:
Change Dir: /home/dmitry/catkin_ws/build/CMakeFiles/CMakeTmp

Run Build Command:"/usr/bin/make" "cmTC_e636e/fast"
/usr/bin/make -f CMakeFiles/cmTC_e636e.dir/build.make CMakeFiles/cmTC_e636e.dir/build
make[1]: вход в каталог «/home/dmitry/catkin_ws/build/CMakeFiles/CMakeTmp»
Building C object CMakeFiles/cmTC_e636e.dir/CheckFunctionExists.c.o
/usr/bin/cc    -DCHECK_FUNCTION_EXISTS=pthread_create   -o CMakeFiles/cmTC_e636e.dir/CheckFunctionExists.c.o   -c /usr/share/cmake-3.5/Modules/CheckFunctionExists.c
Linking C executable cmTC_e636e
/usr/bin/cmake -E cmake_link_script CMakeFiles/cmTC_e636e.dir/link.txt --verbose=1
/usr/bin/cc   -DCHECK_FUNCTION_EXISTS=pthread_create    CMakeFiles/cmTC_e636e.dir/CheckFunctionExists.c.o  -o cmTC_e636e -rdynamic -lpthreads 
/usr/bin/ld: cannot find -lpthreads
collect2: error: ld returned 1 exit status
CMakeFiles/cmTC_e636e.dir/build.make:97: ошибка выполнения рецепта для цели «cmTC_e636e»
make[1]: *** [cmTC_e636e] Ошибка 1
make[1]: выход из каталога «/home/dmitry/catkin_ws/build/CMakeFiles/CMakeTmp»
Makefile:126: ошибка выполнения рецепта для цели «cmTC_e636e/fast»
make: *** [cmTC_e636e/fast] Ошибка 2


